<?xml version="1.0" encoding="utf-8"?><testsuites name="pytest tests"><testsuite name="pytest" errors="0" failures="1" skipped="0" tests="22" time="3.810" timestamp="2026-08-15T09:02:49.141383+00:00" hostname="agent-env-8ddd6625-33ee-4fdc-91a4-439775240365"><testcase classname="tests.backend_test.TestAuth" name="test_register_success" time="0.700"><failure message="AssertionError: assert ('token' in {'token': 'eyJhbGciOiJIUzI1NiIsInR5cCI6IkpXVCJ9.eyJ1c2VyX2lkIjoidXNlcl8zMjUzNTg5ZTZjODciLCJleHAiOjE3ODczODkzNzB9.kg_dn_NUQEzf0aRbPuwBZ5Mmw-ZQqGOIvPYXrS4EwYQ', 'user': {'user_id': 'user_3253589e6c87', 'name': 'Test User', 'email': 'test_a5ace4ed@example.com', 'role': 'student', ...}} and 'test_a5ace4ed@example.com' == 'TEST_a5ace4ed@example.com'&#10;  &#10;  - TEST_a5ace4ed@example.com&#10;  ? ^^^^&#10;  + test_a5ace4ed@example.com&#10;  ? ^^^^)">backend/tests/backend_test.py:41: in test_register_success
    assert "token" in d and d["user"]["email"] == email
E   AssertionError: assert ('token' in {'token': 'eyJhbGciOiJIUzI1NiIsInR5cCI6IkpXVCJ9.eyJ1c2VyX2lkIjoidXNlcl8zMjUzNTg5ZTZjODciLCJleHAiOjE3ODczODkzNzB9.kg_dn_NUQEzf0aRbPuwBZ5Mmw-ZQqGOIvPYXrS4EwYQ', 'user': {'user_id': 'user_3253589e6c87', 'name': 'Test User', 'email': 'test_a5ace4ed@example.com', 'role': 'student', ...}} and 'test_a5ace4ed@example.com' == 'TEST_a5ace4ed@example.com'
E     
E     - TEST_a5ace4ed@example.com
E     ? ^^^^
E     + test_a5ace4ed@example.com
E     ? ^^^^)</failure></testcase><testcase classname="tests.backend_test.TestAdmin" name="test_admin_stats" time="0.810" /><testcase classname="tests.backend_test.TestAuth" name="test_register_password_mismatch" time="0.079" /><testcase classname="tests.backend_test.TestAuth" name="test_register_duplicate" time="0.072" /><testcase classname="tests.backend_test.TestAuth" name="test_login_success" time="0.500" /><testcase classname="tests.backend_test.TestAdmin" name="test_admin_stats_forbidden_for_student" time="0.562" /><testcase classname="tests.backend_test.TestAuth" name="test_login_wrong_password" time="0.315" /><testcase classname="tests.backend_test.TestAdmin" name="test_admin_users" time="0.078" /><testcase classname="tests.backend_test.TestAdmin" name="test_admin_contacts" time="0.238" /><testcase classname="tests.backend_test.TestAdmin" name="test_admin_module_lesson_live_crud" time="1.026" /><testcase classname="tests.backend_test.TestAuth" name="test_me_with_token" time="0.380" /><testcase classname="tests.backend_test.TestAuth" name="test_me_without_token" time="0.114" /><testcase classname="tests.backend_test.TestAuth" name="test_forgot_password_generic" time="0.103" /><testcase classname="tests.backend_test.TestPublic" name="test_live_sessions" time="0.096" /><testcase classname="tests.backend_test.TestPublic" name="test_testimonials" time="0.113" /><testcase classname="tests.backend_test.TestPublic" name="test_contact" time="0.117" /><testcase classname="tests.backend_test.TestProgress" name="test_progress_flow" time="0.582" /><testcase classname="tests.backend_test.TestAdmin" name="test_admin_module_forbidden_for_student" time="0.070" /><testcase classname="tests.backend_test.TestCourses" name="test_list_courses" time="0.066" /><testcase classname="tests.backend_test.TestCourses" name="test_course_full_18_modules" time="0.076" /><testcase classname="tests.backend_test.TestCourses" name="test_course_not_found" time="0.126" /><testcase classname="tests.backend_test.TestProgress" name="test_progress_unauth" time="0.084" /></testsuite></testsuites>