<?xml version="1.0" encoding="utf-8"?><testsuites name="pytest tests"><testsuite name="pytest" errors="0" failures="0" skipped="0" tests="17" time="5.231" timestamp="2026-08-15T15:53:41.601584+00:00" hostname="agent-env-8ddd6625-33ee-4fdc-91a4-439775240365"><testcase classname="tests.backend_test.TestAuth" name="test_login_success" time="0.489" /><testcase classname="tests.backend_test.TestPayments" name="test_checkout_no_auth_401" time="0.262" /><testcase classname="tests.backend_test.TestAuth" name="test_login_wrong_password" time="0.446" /><testcase classname="tests.backend_test.TestPayments" name="test_checkout_invalid_package" time="0.671" /><testcase classname="tests.backend_test.TestPayments" name="test_checkout_full_course_ok" time="1.512" /><testcase classname="tests.backend_test.TestAuth" name="test_me_includes_plan" time="1.515" /><testcase classname="tests.backend_test.TestPayments" name="test_checkout_premium_ok" time="0.565" /><testcase classname="tests.backend_test.TestAuth" name="test_me_without_token" time="0.559" /><testcase classname="tests.backend_test.TestLessonGating" name="test_free_lesson_no_auth" time="0.079" /><testcase classname="tests.backend_test.TestPayments" name="test_status_unknown_session_404" time="0.084" /><testcase classname="tests.backend_test.TestLessonGating" name="test_paid_lesson_no_auth_401" time="0.106" /><testcase classname="tests.backend_test.TestCourses" name="test_list_courses" time="0.111" /><testcase classname="tests.backend_test.TestLessonGating" name="test_paid_lesson_full_plan_ok" time="0.155" /><testcase classname="tests.backend_test.TestCourses" name="test_course_full" time="0.094" /><testcase classname="tests.backend_test.TestAdminPlan" name="test_admin_create_with_plan_and_set_plan" time="1.429" /><testcase classname="tests.backend_test.TestLessonGating" name="test_paid_lesson_no_plan_student_403" time="1.396" /><testcase classname="tests.backend_test.TestAdminPlan" name="test_set_plan_forbidden_for_student" time="0.180" /></testsuite></testsuites>